E:\JIANMO\BRAIN\BRAIN\BRAIN\GENERATEDFILES\QRC_BRAIN.CPP
E:\JIANMO\BRAIN\BRAIN\BRAIN\GENERATEDFILES\RELEASE\MOC_BH.CPP
E:\JIANMO\BRAIN\BRAIN\BRAIN\GENERATEDFILES\RELEASE\MOC_BRAIN.CPP
E:\JIANMO\BRAIN\BRAIN\BRAIN\GENERATEDFILES\UI_BH.H
E:\JIANMO\BRAIN\BRAIN\BRAIN\GENERATEDFILES\UI_BRAIN.H
E:\JIANMO\BRAIN\BRAIN\BRAIN\RELEASE\BH.OBJ
E:\jianmo\Brain\Brain\Brain\Release\Brain.exe.intermediate.manifest
E:\JIANMO\BRAIN\BRAIN\BRAIN\RELEASE\BRAIN.OBJ
E:\jianmo\Brain\Brain\Brain\Release\cl.command.1.tlog
E:\jianmo\Brain\Brain\Brain\Release\CL.read.1.tlog
E:\jianmo\Brain\Brain\Brain\Release\CL.write.1.tlog
E:\jianmo\Brain\Brain\Brain\Release\custombuild.command.1.tlog
E:\jianmo\Brain\Brain\Brain\Release\custombuild.read.1.tlog
E:\jianmo\Brain\Brain\Brain\Release\custombuild.write.1.tlog
E:\jianmo\Brain\Brain\Brain\Release\link.command.1.tlog
E:\jianmo\Brain\Brain\Brain\Release\link.read.1.tlog
E:\jianmo\Brain\Brain\Brain\Release\link.write.1.tlog
E:\JIANMO\BRAIN\BRAIN\BRAIN\RELEASE\MAIN.OBJ
E:\JIANMO\BRAIN\BRAIN\BRAIN\RELEASE\MOC_BH.OBJ
E:\JIANMO\BRAIN\BRAIN\BRAIN\RELEASE\MOC_BRAIN.OBJ
E:\jianmo\Brain\Brain\Brain\Release\mt.command.1.tlog
E:\jianmo\Brain\Brain\Brain\Release\mt.read.1.tlog
E:\jianmo\Brain\Brain\Brain\Release\mt.write.1.tlog
E:\JIANMO\BRAIN\BRAIN\BRAIN\RELEASE\QRC_BRAIN.OBJ
E:\JIANMO\BRAIN\BRAIN\WIN32\RELEASE\BRAIN.EXE
