C:\USERS\KUANGYAN\DESKTOP\BRAIN\BRAIN\GENERATEDFILES\DEBUG\MOC_CORE.CPP
C:\USERS\KUANGYAN\DESKTOP\BRAIN\BRAIN\X64\DEBUG\BH.OBJ
C:\USERS\KUANGYAN\DESKTOP\BRAIN\BRAIN\X64\DEBUG\BRAIN.EXE.INTERMEDIATE.MANIFEST
C:\USERS\KUANGYAN\DESKTOP\BRAIN\BRAIN\X64\DEBUG\BRAIN.OBJ
C:\Users\Kuangyan\Desktop\Brain\Brain\x64\Debug\Brain.vcxprojResolveAssemblyReference.cache
C:\Users\Kuangyan\Desktop\Brain\Brain\x64\Debug\Brain.write.1.tlog
C:\Users\Kuangyan\Desktop\Brain\Brain\x64\Debug\cl.command.1.tlog
C:\Users\Kuangyan\Desktop\Brain\Brain\x64\Debug\CL.read.1.tlog
C:\Users\Kuangyan\Desktop\Brain\Brain\x64\Debug\CL.write.1.tlog
C:\USERS\KUANGYAN\DESKTOP\BRAIN\BRAIN\X64\DEBUG\CORE.OBJ
C:\Users\Kuangyan\Desktop\Brain\Brain\x64\Debug\custombuild.command.1.tlog
C:\Users\Kuangyan\Desktop\Brain\Brain\x64\Debug\custombuild.read.1.tlog
C:\Users\Kuangyan\Desktop\Brain\Brain\x64\Debug\custombuild.write.1.tlog
C:\USERS\KUANGYAN\DESKTOP\BRAIN\BRAIN\X64\DEBUG\GUI.OBJ
C:\Users\Kuangyan\Desktop\Brain\Brain\x64\Debug\link.command.1.tlog
C:\Users\Kuangyan\Desktop\Brain\Brain\x64\Debug\link.read.1.tlog
C:\Users\Kuangyan\Desktop\Brain\Brain\x64\Debug\link.write.1.tlog
C:\USERS\KUANGYAN\DESKTOP\BRAIN\BRAIN\X64\DEBUG\MAIN.OBJ
C:\USERS\KUANGYAN\DESKTOP\BRAIN\BRAIN\X64\DEBUG\MOC_BH.OBJ
C:\USERS\KUANGYAN\DESKTOP\BRAIN\BRAIN\X64\DEBUG\MOC_BRAIN.OBJ
C:\USERS\KUANGYAN\DESKTOP\BRAIN\BRAIN\X64\DEBUG\MOC_CORE.OBJ
C:\Users\Kuangyan\Desktop\Brain\Brain\x64\Debug\mt.command.1.tlog
C:\Users\Kuangyan\Desktop\Brain\Brain\x64\Debug\mt.read.1.tlog
C:\Users\Kuangyan\Desktop\Brain\Brain\x64\Debug\mt.write.1.tlog
C:\USERS\KUANGYAN\DESKTOP\BRAIN\BRAIN\X64\DEBUG\QRC_BRAIN.OBJ
C:\USERS\KUANGYAN\DESKTOP\BRAIN\BRAIN\X64\DEBUG\SETTING.OBJ
C:\USERS\KUANGYAN\DESKTOP\BRAIN\BRAIN\X64\DEBUG\TOOL.OBJ
C:\USERS\KUANGYAN\DESKTOP\BRAIN\BRAIN\X64\DEBUG\VC100.PDB
C:\USERS\KUANGYAN\DESKTOP\BRAIN\X64\DEBUG\BRAIN.EXE
