生成启动时间为 2016/12/15 15:24:37。
     1>项目“C:\Users\Kuangyan\Desktop\Brain\Brain\Brain.vcxproj”在节点 2 上(build 个目标)。
     1>InitializeBuildStatus:
         正在对“x64\Debug\Brain.unsuccessfulbuild”执行 Touch 任务。
       CustomBuild:
         Moc'ing core.h...
       ClCompile:
         D:\Program Files (x86)\Microsoft Visual Studio 10.0\VC\bin\x86_amd64\CL.exe /c /ID:\work\vtk\VTK\lib /ID:\Qt\Qt5.3.2\5.3\msvc2013_64_opengl\include\QtWidgets /Zi /nologo /W1 /WX- /O2 /D QT_DLL /Gm- /EHsc /MD /GS /fp:precise /Zc:wchar_t /Zc:forScope /Fo"x64\Debug\\" /Fd"x64\Debug\vc100.pdb" /Gd /TP /errorReport:prompt bh.cpp brain.cpp Core.cpp GeneratedFiles\Debug\moc_bh.cpp GeneratedFiles\Debug\moc_brain.cpp GeneratedFiles\Debug\moc_core.cpp GeneratedFiles\qrc_brain.cpp gui.cpp main.cpp
         bh.cpp
         brain.cpp
     1>brain.cpp(195): error C2065: “dim”: 未声明的标识符
     1>brain.cpp(196): error C2065: “dim”: 未声明的标识符
     1>brain.cpp(196): error C2065: “dim”: 未声明的标识符
     1>brain.cpp(196): error C2065: “dim”: 未声明的标识符
     1>brain.cpp(201): error C2065: “dim”: 未声明的标识符
     1>brain.cpp(201): error C2065: “dim”: 未声明的标识符
     1>brain.cpp(201): error C2065: “dim”: 未声明的标识符
     1>brain.cpp(202): error C2065: “dim”: 未声明的标识符
     1>brain.cpp(202): error C2065: “dim”: 未声明的标识符
     1>brain.cpp(202): error C2065: “dim”: 未声明的标识符
         Core.cpp
     1>c1xx : fatal error C1083: 无法打开源文件:“Core.cpp”: No such file or directory
         moc_bh.cpp
         moc_brain.cpp
     1>GeneratedFiles\Debug\moc_brain.cpp(131): error C2039: “showBrainOnly”: 不是“Brain”的成员
                 c:\users\kuangyan\desktop\brain\brain\generatedfiles\debug\../../brain.h(65) : 参见“Brain”的声明
     1>GeneratedFiles\Debug\moc_brain.cpp(132): error C2039: “showBoneOnly”: 不是“Brain”的成员
                 c:\users\kuangyan\desktop\brain\brain\generatedfiles\debug\../../brain.h(65) : 参见“Brain”的声明
     1>GeneratedFiles\Debug\moc_brain.cpp(133): error C2039: “showSkinOnly”: 不是“Brain”的成员
                 c:\users\kuangyan\desktop\brain\brain\generatedfiles\debug\../../brain.h(65) : 参见“Brain”的声明
     1>GeneratedFiles\Debug\moc_brain.cpp(134): error C2039: “showBrainPoolOnly”: 不是“Brain”的成员
                 c:\users\kuangyan\desktop\brain\brain\generatedfiles\debug\../../brain.h(65) : 参见“Brain”的声明
     1>GeneratedFiles\Debug\moc_brain.cpp(135): error C2039: “showAllBrain”: 不是“Brain”的成员
                 c:\users\kuangyan\desktop\brain\brain\generatedfiles\debug\../../brain.h(65) : 参见“Brain”的声明
     1>GeneratedFiles\Debug\moc_brain.cpp(136): error C2039: “removeBackground”: 不是“Brain”的成员
                 c:\users\kuangyan\desktop\brain\brain\generatedfiles\debug\../../brain.h(65) : 参见“Brain”的声明
     1>GeneratedFiles\Debug\moc_brain.cpp(137): error C2039: “removeBone”: 不是“Brain”的成员
                 c:\users\kuangyan\desktop\brain\brain\generatedfiles\debug\../../brain.h(65) : 参见“Brain”的声明
     1>GeneratedFiles\Debug\moc_brain.cpp(138): error C2039: “RegionGrow_1”: 不是“Brain”的成员
                 c:\users\kuangyan\desktop\brain\brain\generatedfiles\debug\../../brain.h(65) : 参见“Brain”的声明
     1>GeneratedFiles\Debug\moc_brain.cpp(140): error C2039: “showInfo”: 不是“Brain”的成员
                 c:\users\kuangyan\desktop\brain\brain\generatedfiles\debug\../../brain.h(65) : 参见“Brain”的声明
     1>GeneratedFiles\Debug\moc_brain.cpp(141): error C2039: “getBrainVol”: 不是“Brain”的成员
                 c:\users\kuangyan\desktop\brain\brain\generatedfiles\debug\../../brain.h(65) : 参见“Brain”的声明
         moc_core.cpp
         qrc_brain.cpp
         gui.cpp
         main.cpp
         Generating Code...
     1>已完成生成项目“C:\Users\Kuangyan\Desktop\Brain\Brain\Brain.vcxproj”(build 个目标)的操作 - 失败。

生成失败。

已用时间 00:00:26.31
