E:\JIANMO\BRAIN\BRAIN\BRAIN\DEBUG\BH.OBJ
E:\JIANMO\BRAIN\BRAIN\BRAIN\DEBUG\BRAIN.EXE.INTERMEDIATE.MANIFEST
E:\JIANMO\BRAIN\BRAIN\BRAIN\DEBUG\BRAIN.OBJ
E:\jianmo\Brain\Brain\Brain\Debug\cl.command.1.tlog
E:\jianmo\Brain\Brain\Brain\Debug\CL.read.1.tlog
E:\jianmo\Brain\Brain\Brain\Debug\CL.write.1.tlog
E:\jianmo\Brain\Brain\Brain\Debug\custombuild.command.1.tlog
E:\jianmo\Brain\Brain\Brain\Debug\custombuild.read.1.tlog
E:\jianmo\Brain\Brain\Brain\Debug\custombuild.write.1.tlog
E:\jianmo\Brain\Brain\Brain\Debug\link.command.1.tlog
E:\jianmo\Brain\Brain\Brain\Debug\link.read.1.tlog
E:\jianmo\Brain\Brain\Brain\Debug\link.write.1.tlog
E:\JIANMO\BRAIN\BRAIN\BRAIN\DEBUG\MAIN.OBJ
E:\JIANMO\BRAIN\BRAIN\BRAIN\DEBUG\MOC_BH.OBJ
E:\JIANMO\BRAIN\BRAIN\BRAIN\DEBUG\MOC_BRAIN.OBJ
E:\jianmo\Brain\Brain\Brain\Debug\mt.command.1.tlog
E:\jianmo\Brain\Brain\Brain\Debug\mt.read.1.tlog
E:\jianmo\Brain\Brain\Brain\Debug\mt.write.1.tlog
E:\JIANMO\BRAIN\BRAIN\BRAIN\DEBUG\QRC_BRAIN.OBJ
E:\JIANMO\BRAIN\BRAIN\BRAIN\DEBUG\VC100.PDB
E:\JIANMO\BRAIN\BRAIN\BRAIN\GENERATEDFILES\DEBUG\MOC_BH.CPP
E:\JIANMO\BRAIN\BRAIN\BRAIN\GENERATEDFILES\DEBUG\MOC_BRAIN.CPP
E:\JIANMO\BRAIN\BRAIN\BRAIN\GENERATEDFILES\QRC_BRAIN.CPP
E:\JIANMO\BRAIN\BRAIN\BRAIN\GENERATEDFILES\UI_BH.H
E:\JIANMO\BRAIN\BRAIN\BRAIN\GENERATEDFILES\UI_BRAIN.H
E:\JIANMO\BRAIN\BRAIN\WIN32\DEBUG\BRAIN.EXE
E:\JIANMO\BRAIN\BRAIN\WIN32\DEBUG\BRAIN.ILK
E:\JIANMO\BRAIN\BRAIN\WIN32\DEBUG\BRAIN.PDB
